Reading training examples... (131 examples) done
Training set properties: 6147 features, 4 classes
Iter 1: .........*(NumConst=1, SV=1, CEps=100.0000, QPEps=0.0000)
Iter 2: *(NumConst=2, SV=2, CEps=27.2812, QPEps=0.0000)
Iter 3: *(NumConst=3, SV=3, CEps=11.6872, QPEps=0.0000)
Iter 4: .........*(NumConst=4, SV=4, CEps=74.7324, QPEps=0.0000)
Iter 5: *(NumConst=5, SV=4, CEps=17.4068, QPEps=0.0000)
Iter 6: .........*(NumConst=6, SV=5, CEps=28.4511, QPEps=0.0000)
Iter 7: *(NumConst=7, SV=6, CEps=15.5886, QPEps=0.0000)
Iter 8: *(NumConst=8, SV=7, CEps=10.5548, QPEps=0.0000)
Iter 9: *(NumConst=9, SV=8, CEps=9.1272, QPEps=0.0000)
Iter 10: *(NumConst=10, SV=9, CEps=7.7605, QPEps=0.0000)
Iter 11: *(NumConst=11, SV=10, CEps=6.0501, QPEps=0.0000)
Iter 12: *(NumConst=12, SV=11, CEps=6.5640, QPEps=1.0397)
Iter 13: *(NumConst=13, SV=12, CEps=3.5530, QPEps=0.0462)
Iter 14: .........*(NumConst=14, SV=13, CEps=6.8736, QPEps=1.0964)
Iter 15: *(NumConst=15, SV=14, CEps=4.3742, QPEps=0.9006)
Iter 16: *(NumConst=16, SV=14, CEps=4.0008, QPEps=0.7087)
Iter 17: *(NumConst=17, SV=15, CEps=3.2872, QPEps=0.9296)
Iter 18: *(NumConst=18, SV=16, CEps=2.8023, QPEps=0.9630)
Iter 19: *(NumConst=19, SV=17, CEps=2.6305, QPEps=1.0592)
Iter 20: *(NumConst=20, SV=18, CEps=2.1221, QPEps=0.2350)
Iter 21: *(NumConst=21, SV=19, CEps=2.7531, QPEps=0.6622)
Iter 22: *(NumConst=22, SV=20, CEps=1.7319, QPEps=0.3626)
Iter 23: *(NumConst=23, SV=21, CEps=1.9280, QPEps=0.5391)
Iter 24: *(NumConst=24, SV=21, CEps=2.0119, QPEps=0.5827)
Iter 25: *(NumConst=25, SV=21, CEps=1.5461, QPEps=0.4603)
Iter 26: *(NumConst=26, SV=22, CEps=1.1866, QPEps=0.3156)
Iter 27: *(NumConst=27, SV=23, CEps=1.2849, QPEps=0.1989)
Iter 28: *(NumConst=28, SV=24, CEps=1.3957, QPEps=0.3002)
Iter 29: *(NumConst=29, SV=24, CEps=1.2443, QPEps=0.2265)
Iter 30: *(NumConst=30, SV=25, CEps=1.1939, QPEps=0.2372)
Iter 31: *(NumConst=31, SV=27, CEps=1.4161, QPEps=0.4314)
Iter 32: *(NumConst=32, SV=27, CEps=1.0221, QPEps=0.3049)
Iter 33: *(NumConst=33, SV=28, CEps=1.0232, QPEps=0.3000)
Iter 34: *(NumConst=34, SV=29, CEps=0.9173, QPEps=0.4364)
Iter 35: *(NumConst=35, SV=30, CEps=0.8394, QPEps=0.3952)
Iter 36: *(NumConst=36, SV=31, CEps=0.7342, QPEps=0.2848)
Iter 37: *(NumConst=37, SV=32, CEps=0.7129, QPEps=0.2294)
Iter 38: *(NumConst=38, SV=33, CEps=0.8913, QPEps=0.2811)
Iter 39: *(NumConst=39, SV=33, CEps=0.9865, QPEps=0.3123)
Iter 40: *(NumConst=40, SV=34, CEps=0.7180, QPEps=0.2663)
Iter 41: .........*(NumConst=41, SV=35, CEps=1.9033, QPEps=0.5175)
Iter 42: *(NumConst=42, SV=36, CEps=1.2195, QPEps=0.4934)
Iter 43: *(NumConst=43, SV=37, CEps=0.9567, QPEps=0.4101)
Iter 44: *(NumConst=44, SV=38, CEps=1.0076, QPEps=0.3690)
Iter 45: *(NumConst=45, SV=39, CEps=1.0262, QPEps=0.4199)
Iter 46: *(NumConst=46, SV=40, CEps=0.7142, QPEps=0.2669)
Iter 47: *(NumConst=47, SV=41, CEps=0.7788, QPEps=0.3355)
Iter 48: *(NumConst=48, SV=42, CEps=0.6774, QPEps=0.3012)
Iter 49: *(NumConst=49, SV=43, CEps=0.6356, QPEps=0.3113)
Iter 50: *(NumConst=50, SV=44, CEps=0.6127, QPEps=0.2774)
Iter 51: *(NumConst=51, SV=45, CEps=0.4952, QPEps=0.2092)
Iter 52: *(NumConst=52, SV=46, CEps=0.4619, QPEps=0.2284)
Iter 53: *(NumConst=53, SV=47, CEps=0.5578, QPEps=0.1657)
Iter 54: *(NumConst=53, SV=48, CEps=0.5038, QPEps=0.2161)
Iter 55: *(NumConst=54, SV=49, CEps=0.4713, QPEps=0.1924)
Iter 56: *(NumConst=55, SV=49, CEps=0.4582, QPEps=0.1882)
Iter 57: *(NumConst=56, SV=50, CEps=0.5300, QPEps=0.2150)
Iter 58: *(NumConst=57, SV=51, CEps=0.4246, QPEps=0.2109)
Iter 59: *(NumConst=58, SV=51, CEps=0.4436, QPEps=0.1981)
Iter 60: *(NumConst=59, SV=52, CEps=0.4218, QPEps=0.1657)
Iter 61: *(NumConst=60, SV=53, CEps=0.4110, QPEps=0.1699)
Iter 62: *(NumConst=61, SV=54, CEps=0.3726, QPEps=0.1812)
Iter 63: *(NumConst=62, SV=55, CEps=0.4212, QPEps=0.1790)
Iter 64: *(NumConst=63, SV=56, CEps=0.3363, QPEps=0.1658)
Iter 65: *(NumConst=63, SV=57, CEps=0.3680, QPEps=0.1529)
Iter 66: *(NumConst=64, SV=57, CEps=0.3741, QPEps=0.1519)
Iter 67: *(NumConst=65, SV=58, CEps=0.3574, QPEps=0.1314)
Iter 68: *(NumConst=66, SV=59, CEps=0.2596, QPEps=0.1210)
Iter 69: *(NumConst=67, SV=59, CEps=0.3843, QPEps=0.1212)
Iter 70: *(NumConst=68, SV=60, CEps=0.2795, QPEps=0.1197)
Iter 71: *(NumConst=69, SV=61, CEps=0.3271, QPEps=0.1249)
Iter 72: *(NumConst=70, SV=62, CEps=0.2990, QPEps=0.1176)
Iter 73: *(NumConst=71, SV=63, CEps=0.2699, QPEps=0.0865)
Iter 74: *(NumConst=71, SV=64, CEps=0.2724, QPEps=0.1265)
Iter 75: *(NumConst=72, SV=65, CEps=0.3698, QPEps=0.1218)
Iter 76: *(NumConst=73, SV=66, CEps=0.3049, QPEps=0.1026)
Iter 77: *(NumConst=74, SV=67, CEps=0.2511, QPEps=0.1162)
Iter 78: *(NumConst=74, SV=68, CEps=0.3321, QPEps=0.1160)
Iter 79: *(NumConst=75, SV=69, CEps=0.3362, QPEps=0.1149)
Iter 80: *(NumConst=76, SV=69, CEps=0.2862, QPEps=0.0991)
Iter 81: *(NumConst=76, SV=70, CEps=0.2932, QPEps=0.0975)
Iter 82: *(NumConst=77, SV=71, CEps=0.2361, QPEps=0.1139)
Iter 83: *(NumConst=78, SV=72, CEps=0.2358, QPEps=0.1100)
Iter 84: *(NumConst=79, SV=72, CEps=0.2469, QPEps=0.1077)
Iter 85: *(NumConst=80, SV=73, CEps=0.2311, QPEps=0.1083)
Iter 86: .........*(NumConst=81, SV=74, CEps=0.3451, QPEps=0.1413)
Iter 87: *(NumConst=82, SV=75, CEps=0.2338, QPEps=0.1081)
Iter 88: *(NumConst=82, SV=76, CEps=0.2772, QPEps=0.1052)
Iter 89: *(NumConst=83, SV=77, CEps=0.2517, QPEps=0.1123)
Iter 90: *(NumConst=84, SV=78, CEps=0.2515, QPEps=0.1038)
Iter 91: *(NumConst=85, SV=79, CEps=0.1899, QPEps=0.0867)
Iter 92: *(NumConst=86, SV=80, CEps=0.2194, QPEps=0.0941)
Iter 93: *(NumConst=87, SV=81, CEps=0.2026, QPEps=0.0924)
Iter 94: *(NumConst=88, SV=81, CEps=0.1683, QPEps=0.0734)
Iter 95: *(NumConst=89, SV=82, CEps=0.1670, QPEps=0.0678)
Iter 96: *(NumConst=90, SV=83, CEps=0.1548, QPEps=0.0719)
Iter 97: *(NumConst=91, SV=84, CEps=0.1760, QPEps=0.0714)
Iter 98: *(NumConst=92, SV=85, CEps=0.1519, QPEps=0.0749)
Iter 99: *(NumConst=93, SV=85, CEps=0.1413, QPEps=0.0706)
Iter 100: *(NumConst=94, SV=86, CEps=0.1554, QPEps=0.0529)
Iter 101: *(NumConst=95, SV=87, CEps=0.1424, QPEps=0.0694)
Iter 102: *(NumConst=96, SV=88, CEps=0.1151, QPEps=0.0568)
Iter 103: *(NumConst=97, SV=89, CEps=0.1419, QPEps=0.0552)
Iter 104: *(NumConst=98, SV=90, CEps=0.1259, QPEps=0.0532)
Iter 105: *(NumConst=98, SV=91, CEps=0.1258, QPEps=0.0530)
Iter 106: *(NumConst=99, SV=92, CEps=0.1346, QPEps=0.0566)
Iter 107: *(NumConst=100, SV=93, CEps=0.1191, QPEps=0.0573)
Iter 108: *(NumConst=100, SV=94, CEps=0.1510, QPEps=0.0568)
Iter 109: *(NumConst=101, SV=95, CEps=0.1122, QPEps=0.0548)
Iter 110: *(NumConst=102, SV=96, CEps=0.1104, QPEps=0.0522)
Iter 111: *(NumConst=103, SV=96, CEps=0.1213, QPEps=0.0536)
Iter 112: *(NumConst=104, SV=96, CEps=0.1239, QPEps=0.0543)
Iter 113: *(NumConst=105, SV=97, CEps=0.1045, QPEps=0.0498)
Iter 114: *(NumConst=106, SV=98, CEps=0.1134, QPEps=0.0458)
Iter 115: *(NumConst=106, SV=99, CEps=0.1084, QPEps=0.0497)
Iter 116: *(NumConst=107, SV=100, CEps=0.1158, QPEps=0.0474)
Iter 117: *(NumConst=108, SV=100, CEps=0.1051, QPEps=0.0503)
Iter 118: *(NumConst=108, SV=101, CEps=0.1149, QPEps=0.0477)
Iter 119: .........*(NumConst=109, SV=102, CEps=0.1041, QPEps=0.0453)
Iter 120: .........(NumConst=109, SV=102, CEps=0.0967, QPEps=0.0453)
Final epsilon on KKT-Conditions: 0.09669
Upper bound on duality gap: 97.63704
Dual objective value: dval=6466.74898
Primal objective value: pval=6564.38602
Total number of constraints in final working set: 109 (of 119)
Number of iterations: 120
Number of calls to 'find_most_violated_constraint': 1048
Number of SV: 102 
Norm of weight vector: |w|=113.73390
Value of slack variable (on working set): xi=0.02256
Value of slack variable (global): xi=0.09669
Norm of longest difference vector: ||Psi(x,y)-Psi(x,ybar)||=1.55862
Runtime in cpu-seconds: 0.22
Final number of constraints in cache: 509
Compacting linear model...done
Writing learned model...done

